\BOOKMARK [1][-]{section*.1}{Education}{}% 1
\BOOKMARK [1][-]{section*.2}{Research Experience}{}% 2
\BOOKMARK [1][-]{section*.3}{Awards}{}% 3
\BOOKMARK [1][-]{section*.4}{Publications}{}% 4
\BOOKMARK [2][-]{section*.5}{Peer-Reviewed Publications}{section*.4}% 5
\BOOKMARK [2][-]{section*.6}{Non-Refereed Publications}{section*.4}% 6
\BOOKMARK [1][-]{section*.7}{Presentations}{}% 7
\BOOKMARK [2][-]{section*.8}{Invited Talks}{section*.7}% 8
\BOOKMARK [2][-]{section*.9}{Professional Conferences}{section*.7}% 9
\BOOKMARK [2][-]{section*.10}{Outreach Presentations}{section*.7}% 10
\BOOKMARK [1][-]{section*.11}{Teaching Experience}{}% 11
\BOOKMARK [2][-]{section*.12}{University of California, Davis}{section*.11}% 12
\BOOKMARK [2][-]{section*.13}{Interuniversity Consortium for Political and Social Research \(ICPSR\)}{section*.11}% 13
\BOOKMARK [2][-]{section*.14}{West Virginia University}{section*.11}% 14
\BOOKMARK [2][-]{section*.15}{Other}{section*.11}% 15
\BOOKMARK [2][-]{section*.16}{Fort Lewis College}{section*.11}% 16
\BOOKMARK [1][-]{section*.17}{Additional Education}{}% 17
\BOOKMARK [1][-]{section*.18}{Service}{}% 18
\BOOKMARK [2][-]{section*.19}{UC Davis}{section*.18}% 19
\BOOKMARK [2][-]{section*.20}{West Virginia University}{section*.18}% 20
\BOOKMARK [2][-]{section*.21}{Fort Lewis College}{section*.18}% 21
