This is LuaTeX, Version beta-0.80.0 (TeX Live 2015) (rev 5238)  (format=lualatex 2015.5.24)  2 NOV 2015 12:17
 restricted \write18 enabled.
**Levy_CV.tex -recorder
(./Levy_CV.tex
LaTeX2e <2015/01/01>
Babel <3.9l> and hyphenation patterns for 79 languages loaded.
(/usr/local/texlive/2015/texmf-dist/tex/latex/base/article.cls
Document Class: article 2014/09/29 v1.4h Standard LaTeX document class
(/usr/local/texlive/2015/texmf-dist/tex/latex/base/size11.clo
File: size11.clo 2014/09/29 v1.4h Standard LaTeX file (size option)
)
\c@part=\count79
\c@section=\count80
\c@subsection=\count81
\c@subsubsection=\count82
\c@paragraph=\count83
\c@subparagraph=\count84
\c@figure=\count85
\c@table=\count86
\abovecaptionskip=\skip41
\belowcaptionskip=\skip42
\bibindent=\dimen102
)
(/usr/local/texlive/2015/texmf-dist/tex/latex/fontspec/fontspec.sty
Package: fontspec 2015/03/14 v2.4c Font selection for XeLaTeX and LuaLaTeX

(/usr/local/texlive/2015/texmf-dist/tex/latex/l3kernel/expl3.sty
Package: expl3 2015/03/01 v5547 L3 programming layer (loader) 

(/usr/local/texlive/2015/texmf-dist/tex/latex/l3kernel/expl3-code.tex
Package: expl3 2015/03/01 v5547 L3 programming layer (code) 
L3 Module: l3bootstrap 2015/02/28 v5542 L3 Bootstrap code
L3 Module: l3names 2015/02/24 v5535 L3 Namespace for primitives
L3 Module: l3basics 2015/01/27 v5500 L3 Basic definitions
L3 Module: l3expan 2014/11/27 v5472 L3 Argument expansion
L3 Module: l3tl 2015/01/27 v5500 L3 Token lists
L3 Module: l3str 2015/03/01 v5545 L3 Strings
L3 Module: l3seq 2014/08/23 v5354 L3 Sequences and stacks
L3 Module: l3int 2015/02/21 v5529 L3 Integers
\c_max_int=\count87
\l_tmpa_int=\count88
\l_tmpb_int=\count89
\g_tmpa_int=\count90
\g_tmpb_int=\count91
L3 Module: l3quark 2014/08/23 v5354 L3 Quarks
L3 Module: l3prg 2014/08/23 v5354 L3 Control structures
\g__prg_map_int=\count92
L3 Module: l3clist 2014/08/23 v5354 L3 Comma separated lists
L3 Module: l3token 2014/09/15 v5422 L3 Experimental token manipulation
L3 Module: l3prop 2014/08/23 v5354 L3 Property lists
L3 Module: l3msg 2015/02/26 v5537 L3 Messages
L3 Module: l3file 2014/08/24 v5369 L3 File and I/O operations
\l_iow_line_count_int=\count93
\l__iow_target_count_int=\count94
\l__iow_current_line_int=\count95
\l__iow_current_word_int=\count96
\l__iow_current_indentation_int=\count97
L3 Module: l3skip 2014/08/23 v5354 L3 Dimensions and skips
\c_zero_dim=\dimen103
\c_max_dim=\dimen104
\l_tmpa_dim=\dimen105
\l_tmpb_dim=\dimen106
\g_tmpa_dim=\dimen107
\g_tmpb_dim=\dimen108
\c_zero_skip=\skip43
\c_max_skip=\skip44
\l_tmpa_skip=\skip45
\l_tmpb_skip=\skip46
\g_tmpa_skip=\skip47
\g_tmpb_skip=\skip48
\c_zero_muskip=\muskip10
\c_max_muskip=\muskip11
\l_tmpa_muskip=\muskip12
\l_tmpb_muskip=\muskip13
\g_tmpa_muskip=\muskip14
\g_tmpb_muskip=\muskip15
L3 Module: l3keys 2015/01/27 v5500 L3 Key-value interfaces
\g__keyval_level_int=\count98
\l_keys_choice_int=\count99
L3 Module: l3fp 2014/08/22 v5336 L3 Floating points
\c__fp_leading_shift_int=\count100
\c__fp_middle_shift_int=\count101
\c__fp_trailing_shift_int=\count102
\c__fp_big_leading_shift_int=\count103
\c__fp_big_middle_shift_int=\count104
\c__fp_big_trailing_shift_int=\count105
\c__fp_Bigg_leading_shift_int=\count106
\c__fp_Bigg_middle_shift_int=\count107
\c__fp_Bigg_trailing_shift_int=\count108
L3 Module: l3box 2014/08/23 v5354 L3 Experimental boxes
\c_empty_box=\box26
\l_tmpa_box=\box27
\l_tmpb_box=\box28
\g_tmpa_box=\box29
\g_tmpb_box=\box30
L3 Module: l3coffins 2014/08/23 v5354 L3 Coffin code layer
\l__coffin_internal_box=\box31
\l__coffin_internal_dim=\dimen109
\l__coffin_offset_x_dim=\dimen110
\l__coffin_offset_y_dim=\dimen111
\l__coffin_x_dim=\dimen112
\l__coffin_y_dim=\dimen113
\l__coffin_x_prime_dim=\dimen114
\l__coffin_y_prime_dim=\dimen115
\c_empty_coffin=\box32
\l__coffin_aligned_coffin=\box33
\l__coffin_aligned_internal_coffin=\box34
\l_tmpa_coffin=\box35
\l_tmpb_coffin=\box36
\l__coffin_display_coffin=\box37
\l__coffin_display_coord_coffin=\box38
\l__coffin_display_pole_coffin=\box39
\l__coffin_display_offset_dim=\dimen116
\l__coffin_display_x_dim=\dimen117
\l__coffin_display_y_dim=\dimen118
L3 Module: l3color 2014/08/23 v5354 L3 Experimental color support
L3 Module: l3candidates 2015/03/01 v5544 L3 Experimental additions to l3kernel
\l__box_top_dim=\dimen119
\l__box_bottom_dim=\dimen120
\l__box_left_dim=\dimen121
\l__box_right_dim=\dimen122
\l__box_top_new_dim=\dimen123
\l__box_bottom_new_dim=\dimen124
\l__box_left_new_dim=\dimen125
\l__box_right_new_dim=\dimen126
\l__box_internal_box=\box40
\l__coffin_bounding_shift_dim=\dimen127
\l__coffin_left_corner_dim=\dimen128
\l__coffin_right_corner_dim=\dimen129
\l__coffin_bottom_corner_dim=\dimen130
\l__coffin_top_corner_dim=\dimen131
\l__coffin_scaled_total_height_dim=\dimen132
\l__coffin_scaled_width_dim=\dimen133
)
(/usr/local/texlive/2015/texmf-dist/tex/latex/l3kernel/l3unicode-data.def
File: l3unicode-data.def 2015/03/01 v5544 L3 Unicode data
)
(/usr/local/texlive/2015/texmf-dist/tex/latex/l3kernel/l3pdfmode.def
File: l3pdfmode.def 2015/03/01 v5544 L3 Experimental driver: PDF mode
\l__driver_color_stack_int=\count109
))
(/usr/local/texlive/2015/texmf-dist/tex/latex/l3packages/xparse/xparse.sty
Package: xparse 2014/11/25 v5471 L3 Experimental document command parser
\l__xparse_current_arg_int=\count110
\l__xparse_m_args_int=\count111
\l__xparse_mandatory_args_int=\count112
\l__xparse_processor_int=\count113
\l__xparse_v_nesting_int=\count114
)
(/usr/local/texlive/2015/texmf-dist/tex/luatex/luaotfload/luaotfload.sty
Package: luaotfload 2014/08/10 v2.5-4 OpenType layout system

(/usr/local/texlive/2015/texmf-dist/tex/luatex/luatexbase/luatexbase.sty
Package: luatexbase 2013/05/11 v0.6 Resource management for the LuaTeX macro pro
grammer

(/usr/local/texlive/2015/texmf-dist/tex/generic/oberdiek/ifluatex.sty
Package: ifluatex 2010/03/01 v1.3 Provides the ifluatex switch (HO)
Package ifluatex Info: LuaTeX detected.
)
(/usr/local/texlive/2015/texmf-dist/tex/generic/oberdiek/luatex.sty
Package: luatex 2010/03/09 v0.4 LuaTeX basic definition package (HO)

(/usr/local/texlive/2015/texmf-dist/tex/generic/oberdiek/infwarerr.sty
Package: infwarerr 2010/04/08 v1.3 Providing info/warning/error messages (HO)
)
(/usr/local/texlive/2015/texmf-dist/tex/latex/etex-pkg/etex.sty
Package: etex 2015/03/02 v2.1 eTeX basic definition package (PEB,DPC)
\et@xins=\count115
)
\LuT@AllocAttribute=\count277
\LuT@AllocCatcodeTable=\count278
\CatcodeTableStack=\count279
\CatcodeTableIniTeX=\catcodetable1
\CatcodeTableString=\catcodetable3
\CatcodeTableOther=\catcodetable5
\CatcodeTableLaTeX=\catcodetable7

(/usr/local/texlive/2015/texmf-dist/tex/generic/oberdiek/luatex-loader.sty
Package: luatex-loader 2010/03/09 v0.4 Lua module loader (HO)

(/usr/local/texlive/2015/texmf-dist/scripts/oberdiek/oberdiek.luatex.lua)))
(/usr/local/texlive/2015/texmf-dist/tex/luatex/luatexbase/luatexbase-compat.sty
Package: luatexbase-compat 2011/05/24 v0.4 Compatibility tools for LuaTeX
)
(/usr/local/texlive/2015/texmf-dist/tex/luatex/luatexbase/luatexbase-modutils.s
ty
Package: luatexbase-modutils 2013/05/11 v0.6 Module utilities for LuaTeX

(/usr/local/texlive/2015/texmf-dist/tex/luatex/luatexbase/luatexbase-loader.sty
Package: luatexbase-loader 2013/05/11 v0.6 Lua module loader for LuaTeX
(/usr/local/texlive/2015/texmf-dist/tex/luatex/luatexbase/luatexbase.loader.lua)
)
(/usr/local/texlive/2015/texmf-dist/tex/luatex/luatexbase/modutils.lua)
Lua module: luatexbase-modutils 2013/05/11 0.6 Module utilities for LuaTeX
)
(/usr/local/texlive/2015/texmf-dist/tex/luatex/luatexbase/luatexbase-regs.sty
Package: luatexbase-regs 2011/05/24 v0.4 Registers allocation for LuaTeX
)
(/usr/local/texlive/2015/texmf-dist/tex/luatex/luatexbase/luatexbase-attr.sty
Package: luatexbase-attr 2013/05/11 v0.6 Attributes allocation for LuaTeX

(/usr/local/texlive/2015/texmf-dist/tex/luatex/luatexbase/attr.lua)
Lua module: luatexbase-attr 2013/05/11 0.6 Attributes allocation for LuaTeX
\lltxb@attr@unsetvalue=\count280
)
(/usr/local/texlive/2015/texmf-dist/tex/luatex/luatexbase/luatexbase-cctb.sty
Package: luatexbase-cctb 2013/05/11 v0.6 Catcodetable allocation for LuaTeX

(/usr/local/texlive/2015/texmf-dist/tex/luatex/luatexbase/cctb.lua)
Lua module: luatexbase-cctb 2013/05/11 0.6 Catcodetable allocation for LuaTeX
\lltxb@catcodetable@alloc=\count281
\CatcodeTableStack=\count282
\CatcodeTableIniTeX=\luatexcatcodetable1
\CatcodeTableString=\luatexcatcodetable3
\CatcodeTableOther=\luatexcatcodetable5
\CatcodeTableLaTeX=\luatexcatcodetable7
\CatcodeTableLaTeXAtLetter=\luatexcatcodetable9
\CatcodeTableExpl=\luatexcatcodetable11
)
(/usr/local/texlive/2015/texmf-dist/tex/luatex/luatexbase/luatexbase-mcb.sty
Package: luatexbase-mcb 2013/05/11 v0.6 Callback management for LuaTeX

(/usr/local/texlive/2015/texmf-dist/tex/luatex/luatexbase/mcb.lua)
Lua module: luatexbase-mcb 2013/05/11 0.6 register several functions in a callba
ck
))
(/usr/local/texlive/2015/texmf-dist/tex/luatex/luaotfload/luaotfload-main.lua)
Lua module: luaotfload-main 2014/08/10 2.50003 OpenType layout system.

(/usr/local/texlive/2015/texmf-dist/tex/luatex/luaotfload/luaotfload-log.lua)
(/usr/local/texlive/2015/texmf-dist/tex/luatex/luaotfload/luaotfload-fontloader.
lua)(using write cache: /Users/malevy/Library/texlive/2015/texmf-var/luatex-cach
e/generic)(using read cache: /usr/local/texlive/2015/texmf-var/luatex-cache/gene
ric /Users/malevy/Library/texlive/2015/texmf-var/luatex-cache/generic)
luatexbase-attr: luatexbase.attributes["luaotfload@kernpair"] = 1
luatexbase-attr: luatexbase.attributes["luaotfload@ligacomp"] = 2
luatexbase-attr: luatexbase.attributes["luaotfload@markbase"] = 3
luatexbase-attr: luatexbase.attributes["luaotfload@markmark"] = 4
luatexbase-attr: luatexbase.attributes["luaotfload@markdone"] = 5
luatexbase-attr: luatexbase.attributes["luaotfload@cursbase"] = 6
luatexbase-attr: luatexbase.attributes["luaotfload@curscurs"] = 7
luatexbase-attr: luatexbase.attributes["luaotfload@cursdone"] = 8
luatexbase-attr: luatexbase.attributes["luaotfload@state"] = 9
luaotfload | main : fontloader loaded in 0.022 seconds
luatexbase-mcb: inserting 'luaotfload.node_processor'
at position 1 in 'pre_linebreak_filter'
luatexbase-mcb: inserting 'luaotfload.node_processor'
at position 1 in 'hpack_filter'
luatexbase-mcb: inserting 'luaotfload.find_vf_file'
at position 1 in 'find_vf_file'
(/usr/local/texlive/2015/texmf-dist/tex/luatex/luaotfload/luaotfload-override.lu
a)
(/usr/local/texlive/2015/texmf-dist/tex/luatex/luaotfload/luaotfload-parsers.lua
)
(/usr/local/texlive/2015/texmf-dist/tex/luatex/luaotfload/luaotfload-configurati
on.lua)
(/usr/local/texlive/2015/texmf-dist/tex/luatex/luaotfload/luaotfload-status.lua)
luaotfload | conf : Root cache directory is /Users/malevy/Library/texlive/2015/t
exmf-var/luatex-cache/generic/names.
(/usr/local/texlive/2015/texmf-dist/tex/luatex/luaotfload/luaotfload-loaders.lua
)
(/usr/local/texlive/2015/texmf-dist/tex/luatex/luaotfload/luaotfload-database.lu
a)
(/usr/local/texlive/2015/texmf-dist/tex/luatex/luaotfload/luaotfload-colors.lua)
luaotfload | conf : Root cache directory is /Users/malevy/Library/texlive/2015/t
exmf-var/luatex-cache/generic/names.
luatexbase-mcb: creating 'luaotfload.resolve_font' type 4
luatexbase-mcb: creating 'luaotfload.patch_font' type 4
luatexbase-mcb: resetting callback 'define_font'
luatexbase-mcb: inserting 'luaotfload.define_font'
at position 1 in 'define_font'
(/usr/local/texlive/2015/texmf-dist/tex/luatex/luaotfload/luaotfload-features.lu
a)
(/usr/local/texlive/2015/texmf-dist/tex/luatex/luaotfload/luaotfload-letterspace
.lua)
(/usr/local/texlive/2015/texmf-dist/tex/luatex/luaotfload/luaotfload-auxiliary.l
ua)
luatexbase-mcb: inserting 'luaotfload.aux.set_sscale_dimens'
at position 1 in 'luaotfload.patch_font'
luatexbase-mcb: inserting 'luaotfload.aux.patch_cambria_domh'
at position 2 in 'luaotfload.patch_font'
luatexbase-mcb: inserting 'luaotfload.aux.set_capheight'
at position 3 in 'luaotfload.patch_font'
luatexbase-mcb: inserting 'luaotfload.rewrite_fontname'
at position 4 in 'luaotfload.patch_font')
(/usr/local/texlive/2015/texmf-dist/tex/latex/fontspec/fontspec.lua)
Lua module: fontspec 2013/05/20 2.3c Advanced font selection for LuaLaTeX.
\l_fontspec_script_int=\count283
\l_fontspec_language_int=\count284
\l_fontspec_strnum_int=\count285
\l__fontspec_tmpa_dim=\dimen256
\l__fontspec_tmpb_dim=\dimen257
\l__fontspec_tmpc_dim=\dimen258
Variant \tl_gset:cV already defined; not changing it on line 71

(/usr/local/texlive/2015/texmf-dist/tex/latex/fontspec/fontspec-patches.sty
Package: fontspec-patches 2015/03/14 v2.4c Font selection for XeLaTeX and LuaLaT
eX
LaTeX Info: Redefining \em on input line 49.
LaTeX Info: Redefining \emph on input line 57.
LaTeX Info: Redefining \- on input line 60.
.................................................
. LaTeX info: "xparse/redefine-command"
. 
. Redefining command \oldstylenums with sig. 'm' on line 155.
.................................................
.................................................
. LaTeX info: "xparse/define-command"
. 
. Defining command \liningnums with sig. 'm' on line 159.
.................................................
)
(/usr/local/texlive/2015/texmf-dist/tex/latex/fontspec/fontspec-luatex.sty
Package: fontspec-luatex 2015/03/14 v2.4c Font selection for XeLaTeX and LuaLaTe
X

(/usr/local/texlive/2015/texmf-dist/tex/latex/base/fontenc.sty
Package: fontenc 2005/09/27 v1.99g Standard LaTeX package

(/usr/local/texlive/2015/texmf-dist/tex/latex/euenc/eu2enc.def
File: eu2enc.def 2010/05/27 v0.1h Experimental Unicode font encodings
)
LaTeX Font Info:    Try loading font information for EU2+lmr on input line 105.

(/usr/local/texlive/2015/texmf-dist/tex/latex/euenc/eu2lmr.fd
File: eu2lmr.fd 2009/10/30 v1.6 Font defs for Latin Modern
)
luaotfload | db : Font names database loaded from /Users/malevy/Library/texlive/
2015/texmf-var/luatex-cache/generic/names/luaotfload-names.luc(compiling luc: /u
sr/local/texlive/2015/texmf-var/luatex-cache/generic/fonts/otf/lmroman10-regular
.luc)(load luc: /Users/malevy/Library/texlive/2015/texmf-var/luatex-cache/generi
c/fonts/otf/lmroman10-regular.luc))
(/usr/local/texlive/2015/texmf-dist/tex/xelatex/xunicode/xunicode.sty
File: xunicode.sty 2011/09/09 v0.981 provides access to latin accents and many o
ther characters in Unicode lower plane

(/usr/local/texlive/2015/texmf-dist/tex/latex/tipa/t3enc.def
File: t3enc.def 2001/12/31 T3 encoding
(compiling luc: /usr/local/texlive/2015/texmf-var/luatex-cache/generic/fonts/otf
/lmromanslant10-regular.luc)(load luc: /Users/malevy/Library/texlive/2015/texmf-
var/luatex-cache/generic/fonts/otf/lmromanslant10-regular.luc)(compiling luc: /u
sr/local/texlive/2015/texmf-var/luatex-cache/generic/fonts/otf/lmroman10-italic.
luc)(load luc: /Users/malevy/Library/texlive/2015/texmf-var/luatex-cache/generic
/fonts/otf/lmroman10-italic.luc)(compiling luc: /usr/local/texlive/2015/texmf-va
r/luatex-cache/generic/fonts/otf/lmroman10-bold.luc)(load luc: /Users/malevy/Lib
rary/texlive/2015/texmf-var/luatex-cache/generic/fonts/otf/lmroman10-bold.luc)
LaTeX Font Info:    Try loading font information for EU2+lmss on input line 357.


(/usr/local/texlive/2015/texmf-dist/tex/latex/euenc/eu2lmss.fd
File: eu2lmss.fd 2009/10/30 v1.6 Font defs for Latin Modern
)(compiling luc: /usr/local/texlive/2015/texmf-var/luatex-cache/generic/fonts/ot
f/lmsans10-regular.luc)(load luc: /Users/malevy/Library/texlive/2015/texmf-var/l
uatex-cache/generic/fonts/otf/lmsans10-regular.luc))
\tipaTiiicode=\count286
\tipasavetokens=\toks14
\tipachecktokens=\toks15

(/usr/local/texlive/2015/texmf-dist/tex/latex/graphics/graphicx.sty
Package: graphicx 2014/10/28 v1.0g Enhanced LaTeX Graphics (DPC,SPQR)

(/usr/local/texlive/2015/texmf-dist/tex/latex/graphics/keyval.sty
Package: keyval 2014/10/28 v1.15 key=value parser (DPC)
\KV@toks@=\toks16
)
(/usr/local/texlive/2015/texmf-dist/tex/latex/graphics/graphics.sty
Package: graphics 2014/10/28 v1.0p Standard LaTeX Graphics (DPC,SPQR)

(/usr/local/texlive/2015/texmf-dist/tex/latex/graphics/trig.sty
Package: trig 1999/03/16 v1.09 sin cos tan (DPC)
)
(/usr/local/texlive/2015/texmf-dist/tex/latex/latexconfig/graphics.cfg
File: graphics.cfg 2010/04/23 v1.9 graphics configuration of TeX Live
)
Package graphics Info: Driver file: pdftex.def on input line 94.

(/usr/local/texlive/2015/texmf-dist/tex/latex/pdftex-def/pdftex.def
File: pdftex.def 2011/05/27 v0.06d Graphics/color for pdfTeX

(/usr/local/texlive/2015/texmf-dist/tex/generic/oberdiek/ltxcmds.sty
Package: ltxcmds 2011/11/09 v1.22 LaTeX kernel commands for general use (HO)
)
\Gread@gobject=\count287
))
\Gin@req@height=\dimen259
\Gin@req@width=\dimen260
))
.................................................
. LaTeX info: "xparse/define-command"
. 
. Defining command \__fontspec_post_arg:w with sig. 'mmO{}' on line 45.
.................................................
.................................................
. LaTeX info: "xparse/define-command"
. 
. Defining command \fontspec with sig. 'om' on line 47.
.................................................
.................................................
. LaTeX info: "xparse/define-command"
. 
. Defining command \setmainfont with sig. 'om' on line 57.
.................................................
.................................................
. LaTeX info: "xparse/define-command"
. 
. Defining command \setsansfont with sig. 'om' on line 67.
.................................................
.................................................
. LaTeX info: "xparse/define-command"
. 
. Defining command \setmonofont with sig. 'om' on line 77.
.................................................
.................................................
. LaTeX info: "xparse/define-command"
. 
. Defining command \setmathrm with sig. 'om' on line 91.
.................................................
.................................................
. LaTeX info: "xparse/define-command"
. 
. Defining command \setboldmathrm with sig. 'om' on line 99.
.................................................
.................................................
. LaTeX info: "xparse/define-command"
. 
. Defining command \setmathsf with sig. 'om' on line 107.
.................................................
.................................................
. LaTeX info: "xparse/define-command"
. 
. Defining command \setmathtt with sig. 'om' on line 115.
.................................................
.................................................
. LaTeX info: "xparse/define-command"
. 
. Defining command \newfontfamily with sig. 'mom' on line 129.
.................................................
.................................................
. LaTeX info: "xparse/define-command"
. 
. Defining command \newfontface with sig. 'mom' on line 144.
.................................................
.................................................
. LaTeX info: "xparse/define-command"
. 
. Defining command \defaultfontfeatures with sig. 't+om' on line 158.
.................................................
.................................................
. LaTeX info: "xparse/define-command"
. 
. Defining command \addfontfeatures with sig. 'm' on line 214.
.................................................
.................................................
. LaTeX info: "xparse/define-command"
. 
. Defining command \newfontfeature with sig. 'mm' on line 225.
.................................................
.................................................
. LaTeX info: "xparse/define-command"
. 
. Defining command \newAATfeature with sig. 'mmmm' on line 233.
.................................................
.................................................
. LaTeX info: "xparse/define-command"
. 
. Defining command \newopentypefeature with sig. 'mmm' on line 241.
.................................................
.................................................
. LaTeX info: "xparse/define-command"
. 
. Defining command \aliasfontfeature with sig. 'mm' on line 265.
.................................................
.................................................
. LaTeX info: "xparse/define-command"
. 
. Defining command \aliasfontfeatureoption with sig. 'mmm' on line 274.
.................................................
.................................................
. LaTeX info: "xparse/define-command"
. 
. Defining command \newfontscript with sig. 'mm' on line 279.
.................................................
.................................................
. LaTeX info: "xparse/define-command"
. 
. Defining command \newfontlanguage with sig. 'mm' on line 305.
.................................................
.................................................
. LaTeX info: "xparse/define-command"
. 
. Defining command \DeclareFontsExtensions with sig. 'm' on line 325.
.................................................
Variant \prop_gput:cnV already defined; not changing it on line 708
Variant \prop_gput:cnx already defined; not changing it on line 709
\l__fontspec_tmp_int=\count288
LaTeX Info: Redefining \itshape on input line 2156.
LaTeX Info: Redefining \slshape on input line 2161.
LaTeX Info: Redefining \scshape on input line 2166.
LaTeX Info: Redefining \upshape on input line 2171.

(/usr/local/texlive/2015/texmf-dist/tex/latex/fontspec/fontspec.cfg)))
(/usr/local/texlive/2015/texmf-dist/tex/latex/geometry/geometry.sty
Package: geometry 2010/09/12 v5.6 Page Geometry

(/usr/local/texlive/2015/texmf-dist/tex/generic/oberdiek/ifpdf.sty
Package: ifpdf 2011/01/30 v2.3 Provides the ifpdf switch (HO)
Package ifpdf Info: pdfTeX in PDF mode is detected.
)
(/usr/local/texlive/2015/texmf-dist/tex/generic/oberdiek/ifvtex.sty
Package: ifvtex 2010/03/01 v1.5 Detect VTeX and its facilities (HO)
Package ifvtex Info: VTeX not detected.
)
(/usr/local/texlive/2015/texmf-dist/tex/generic/ifxetex/ifxetex.sty
Package: ifxetex 2010/09/12 v0.6 Provides ifxetex conditional
)
\Gm@cnth=\count289
\Gm@cntv=\count290
\c@Gm@tempcnt=\count291
\Gm@bindingoffset=\dimen261
\Gm@wd@mp=\dimen262
\Gm@odd@mp=\dimen263
\Gm@even@mp=\dimen264
\Gm@layoutwidth=\dimen265
\Gm@layoutheight=\dimen266
\Gm@layouthoffset=\dimen267
\Gm@layoutvoffset=\dimen268
\Gm@dimlist=\toks17
)
(/usr/local/texlive/2015/texmf-dist/tex/latex/tools/multicol.sty
Package: multicol 2015/03/31 v1.8m multicolumn formatting (FMi)
\c@tracingmulticols=\count292
\mult@box=\box256
\multicol@leftmargin=\dimen269
\c@unbalance=\count293
\c@collectmore=\count294
\doublecol@number=\count295
\multicoltolerance=\count296
\multicolpretolerance=\count297
\full@width=\dimen270
\page@free=\dimen271
\premulticols=\dimen272
\postmulticols=\dimen273
\multicolsep=\skip256
\multicolbaselineskip=\skip257
\partial@page=\box257
\last@line=\box258
\maxbalancingoverflow=\dimen274
\mult@rightbox=\box259
\mult@grightbox=\box260
\mult@gfirstbox=\box261
\mult@firstbox=\box262
\@tempa=\box263
\@tempa=\box264
\@tempa=\box265
\@tempa=\box266
\@tempa=\box267
\@tempa=\box268
\@tempa=\box269
\@tempa=\box270
\@tempa=\box271
\@tempa=\box272
\@tempa=\box273
\@tempa=\box274
\@tempa=\box275
\@tempa=\box276
\@tempa=\box277
\@tempa=\box278
\@tempa=\box279
\c@columnbadness=\count298
\c@finalcolumnbadness=\count299
\last@try=\dimen275
\multicolovershoot=\dimen276
\multicolundershoot=\dimen277
\mult@nat@firstbox=\box280
\colbreak@box=\box281
\mc@col@check@num=\count300
)
(/usr/local/texlive/2015/texmf-dist/tex/latex/enumitem/enumitem.sty
Package: enumitem 2011/09/28 v3.5.2 Customized lists
\labelindent=\skip258
\enit@outerparindent=\dimen278
\enit@toks=\toks18
\enit@inbox=\box282
\enitdp@description=\count301
)
(/usr/local/texlive/2015/texmf-dist/tex/latex/xltxtra/xltxtra.sty
Package: xltxtra 2010/09/20 v0.5e Improvements for the "XeLaTeX" format


Package xltxtra Warning: 
 XLTXTRA IS TO BE USED ONLY UNDER XETEX. LOAD FONTSPEC DIRECTLY, INSTEAD.
 ABORTING LOADING.

)
\g__file_internal_ior=\read1
luaotfload | cache : Lookup cache loaded from /Users/malevy/Library/texlive/2015
/texmf-var/luatex-cache/generic/names/luaotfload-lookup-cache.luc.
luaotfload | load : Lookup/name: "Source Sans Pro Light" -> "SourceSansPro-Light
.otf"(compiling luc: /usr/local/texlive/2015/texmf-var/luatex-cache/generic/font
s/otf/sourcesanspro-light.luc)(load luc: /Users/malevy/Library/texlive/2015/texm
f-var/luatex-cache/generic/fonts/otf/sourcesanspro-light.luc)
luaotfload | load : Lookup/name: "Source Sans Pro Light" -> "SourceSansPro-Light
.otf"
*************************************************
* fontspec warning: "no-mapping-ligtex"
* 
* Input mapping not (yet?) supported in LuaTeX.
* Use "Ligatures=TeX" instead of "Mapping=tex-text".
*************************************************
\g__fontspec_family_SourceSansProLight_int=\count302
luaotfload | load : Lookup/name: "SourceSansProLight" -> "SourceSansPro-Light.ot
f"
luaotfload | load : Lookup/name: "SourceSansProLight" -> "SourceSansPro-Light.ot
f"
luaotfload | load : Lookup/name: "SourceSansPro" -> "SourceSansPro-Regular.otf"(
compiling luc: /usr/local/texlive/2015/texmf-var/luatex-cache/generic/fonts/otf/
sourcesanspro-regular.luc)(load luc: /Users/malevy/Library/texlive/2015/texmf-va
r/luatex-cache/generic/fonts/otf/sourcesanspro-regular.luc)
luaotfload | load : Lookup/name: "SourceSansPro" -> "SourceSansPro-Regular.otf"
luaotfload | load : Lookup/name: "SourceSansProLightItalic" -> "SourceSansPro-Li
ghtIt.otf"(compiling luc: /usr/local/texlive/2015/texmf-var/luatex-cache/generic
/fonts/otf/sourcesanspro-lightit.luc)(load luc: /Users/malevy/Library/texlive/20
15/texmf-var/luatex-cache/generic/fonts/otf/sourcesanspro-lightit.luc)
luaotfload | load : Lookup/name: "SourceSansProLightItalic" -> "SourceSansPro-Li
ghtIt.otf"
luaotfload | aux : font no 24 (SourceSansPro-LightIt) does not define feature sm
cp for script latn with language dflt
luaotfload | aux : no font with id 24
luaotfload | load : Lookup/name: "SourceSansProItalic" -> "SourceSansPro-Regular
It.otf"(compiling luc: /usr/local/texlive/2015/texmf-var/luatex-cache/generic/fo
nts/otf/sourcesanspro-regularit.luc)(load luc: /Users/malevy/Library/texlive/201
5/texmf-var/luatex-cache/generic/fonts/otf/sourcesanspro-regularit.luc)
luaotfload | load : Lookup/name: "SourceSansProItalic" -> "SourceSansPro-Regular
It.otf"
luaotfload | aux : font no 25 (SourceSansPro-It) does not define feature smcp fo
r script latn with language dflt
luaotfload | aux : no font with id 25
.................................................
. fontspec info: "defining-font"
. 
. Font family 'SourceSansProLight(0)' created for font 'Source Sans Pro Light'
. with options [Mapping=tex-text,Ligatures=TeX,BoldFont=Source Sans
. Pro,ItalicFont=Source Sans Pro Light Italic,BoldItalicFont=Source Sans Pro
. Italic].
. 
. This font family consists of the following shapes:
. 
. * 'normal' with NFSS spec.:
. 
. <->"SourceSansProLight:mode=node;script=latn;language=DFLT;+tlig;+trep;+tlig;+
trep;"
. 
. * 'small caps' with NFSS spec.:
. 
. <->"SourceSansProLight:mode=node;script=latn;language=DFLT;+tlig;+trep;+tlig;+
trep;+smcp;"
. and font adjustment code:
. 
. 
. * 'bold' with NFSS spec.:
. 
. <->"SourceSansPro:mode=node;script=latn;language=DFLT;+tlig;+trep;+tlig;+trep;
"
. 
. * 'bold small caps' with NFSS spec.:
. 
. <->"SourceSansPro:mode=node;script=latn;language=DFLT;+tlig;+trep;+tlig;+trep;
+smcp;"
. and font adjustment code:
. 
. 
. * 'italic' with NFSS spec.:
. 
. <->"SourceSansProLightItalic:mode=node;script=latn;language=DFLT;+tlig;+trep;+
tlig;+trep;"
. 
. * 'small caps' with NFSS spec.:
. 
. and font adjustment code:
. 
. 
. * 'bold italic' with NFSS spec.:
. 
. <->"SourceSansProItalic:mode=node;script=latn;language=DFLT;+tlig;+trep;+tlig;
+trep;"
. 
. * 'bold small caps' with NFSS spec.:
. 
. and font adjustment code:
. 
.................................................
luaotfload | load : Lookup/name: "Input" -> "Input-Regular_(InputMonoCondensed-T
hin).ttf"(compiling luc: /usr/local/texlive/2015/texmf-var/luatex-cache/generic/
fonts/otf/input-regular-inputmonocondensed-thin-.luc)(load luc: /Users/malevy/Li
brary/texlive/2015/texmf-var/luatex-cache/generic/fonts/otf/input-regular-inputm
onocondensed-thin-.luc)
luaotfload | load : Lookup/name: "Input" -> "Input-Regular_(InputMonoCondensed-T
hin).ttf"
*************************************************
* fontspec warning: "no-mapping-ligtex"
* 
* Input mapping not (yet?) supported in LuaTeX.
* Use "Ligatures=TeX" instead of "Mapping=tex-text".
*************************************************
\g__fontspec_family_Input_int=\count303
luaotfload | load : Lookup/name: "Input" -> "Input-Regular_(InputMonoCondensed-T
hin).ttf"
luaotfload | load : Lookup/name: "Input" -> "Input-BoldItalic_(InputMonoCondense
d-Italic).ttf"(compiling luc: /usr/local/texlive/2015/texmf-var/luatex-cache/gen
eric/fonts/otf/input-bolditalic-inputmonocondensed-italic-.luc)(load luc: /Users
/malevy/Library/texlive/2015/texmf-var/luatex-cache/generic/fonts/otf/input-bold
italic-inputmonocondensed-italic-.luc)
luaotfload | load : Lookup/name: "Input" -> "Input-Regular_(InputMonoCondensed-T
hin).ttf"
luaotfload | load : Lookup/name: "Input" -> "Input-Bold_(InputMonoCondensed-Regu
lar).ttf"(compiling luc: /usr/local/texlive/2015/texmf-var/luatex-cache/generic/
fonts/otf/input-bold-inputmonocondensed-regular-.luc)(load luc: /Users/malevy/Li
brary/texlive/2015/texmf-var/luatex-cache/generic/fonts/otf/input-bold-inputmono
condensed-regular-.luc)
luaotfload | load : Lookup/name: "Input" -> "Input-Regular_(InputMonoCondensed-T
hin).ttf"
luaotfload | load : Lookup/name: "Input" -> "Input-Italic_(InputMonoCondensed-Th
inItalic).ttf"(compiling luc: /usr/local/texlive/2015/texmf-var/luatex-cache/gen
eric/fonts/otf/input-italic-inputmonocondensed-thinitalic-.luc)(load luc: /Users
/malevy/Library/texlive/2015/texmf-var/luatex-cache/generic/fonts/otf/input-ital
ic-inputmonocondensed-thinitalic-.luc)
luaotfload | load : Lookup/name: "Input" -> "Input-Regular_(InputMonoCondensed-T
hin).ttf"
luaotfload | load : Lookup/name: "Input" -> "Input-Regular_(InputMonoCondensed-T
hin).ttf"
luaotfload | aux : font no 26 (Input-Regular) does not define feature smcp for s
cript latn with language dflt
luaotfload | aux : no font with id 26
luaotfload | load : Lookup/name: "Input" -> "Input-Bold_(InputMonoCondensed-Regu
lar).ttf"
luaotfload | load : Lookup/name: "Input" -> "Input-Bold_(InputMonoCondensed-Regu
lar).ttf"
luaotfload | aux : font no 28 (Input-Bold) does not define feature smcp for scri
pt latn with language dflt
luaotfload | aux : no font with id 28
luaotfload | load : Lookup/name: "Input" -> "Input-Italic_(InputMonoCondensed-Th
inItalic).ttf"
luaotfload | load : Lookup/name: "Input" -> "Input-Italic_(InputMonoCondensed-Th
inItalic).ttf"
luaotfload | aux : font no 29 (Input-Italic) does not define feature smcp for sc
ript latn with language dflt
luaotfload | aux : no font with id 29
luaotfload | load : Lookup/name: "Input" -> "Input-BoldItalic_(InputMonoCondense
d-Italic).ttf"
luaotfload | load : Lookup/name: "Input" -> "Input-BoldItalic_(InputMonoCondense
d-Italic).ttf"
luaotfload | aux : font no 27 (Input-BoldItalic) does not define feature smcp fo
r script latn with language dflt
luaotfload | aux : no font with id 27
.................................................
. fontspec info: "defining-font"
. 
. Font family 'Input(0)' created for font 'Input' with options
. [Mapping=tex-text,WordSpace={1,0,0},PunctuationSpace=WordSpace,Scale=0.9].
. 
. This font family consists of the following shapes:
. 
. * 'normal' with NFSS spec.:
. <->s*[0.9]"Input:mode=node;script=latn;language=DFLT;+tlig;+trep;"
. 
. * 'small caps' with NFSS spec.:
. 
. and font adjustment code:
. \fontdimen 2\font =1\fontdimen 2\font \fontdimen 3\font =0\fontdimen 3\font
. \fontdimen 4\font =0\fontdimen 4\font \fontdimen 7\font =0\fontdimen 2\font 
. 
. * 'bold' with NFSS spec.:
. <->s*[0.9]"Input/B:mode=node;script=latn;language=DFLT;+tlig;+trep;"
. 
. * 'bold small caps' with NFSS spec.:
. 
. and font adjustment code:
. \fontdimen 2\font =1\fontdimen 2\font \fontdimen 3\font =0\fontdimen 3\font
. \fontdimen 4\font =0\fontdimen 4\font \fontdimen 7\font =0\fontdimen 2\font 
. 
. * 'italic' with NFSS spec.:
. <->s*[0.9]"Input/I:mode=node;script=latn;language=DFLT;+tlig;+trep;"
. 
. * 'small caps' with NFSS spec.:
. 
. and font adjustment code:
. \fontdimen 2\font =1\fontdimen 2\font \fontdimen 3\font =0\fontdimen 3\font
. \fontdimen 4\font =0\fontdimen 4\font \fontdimen 7\font =0\fontdimen 2\font 
. 
. * 'bold italic' with NFSS spec.:
. <->s*[0.9]"Input/BI:mode=node;script=latn;language=DFLT;+tlig;+trep;"
. 
. * 'bold small caps' with NFSS spec.:
. 
. and font adjustment code:
. \fontdimen 2\font =1\fontdimen 2\font \fontdimen 3\font =0\fontdimen 3\font
. \fontdimen 4\font =0\fontdimen 4\font \fontdimen 7\font =0\fontdimen 2\font 
.................................................
luaotfload | load : Lookup/name: "Source Sans Pro Light" -> "SourceSansPro-Light
.otf"
luaotfload | load : Lookup/name: "Source Sans Pro Light" -> "SourceSansPro-Light
.otf"
*************************************************
* fontspec warning: "no-mapping-ligtex"
* 
* Input mapping not (yet?) supported in LuaTeX.
* Use "Ligatures=TeX" instead of "Mapping=tex-text".
*************************************************
luaotfload | load : Lookup/name: "SourceSansProLight" -> "SourceSansPro-Light.ot
f" (/usr/local/texlive/2015/texmf-dist/tex/latex/sectsty/sectsty.sty
Package: sectsty 2002/02/25 v2.0.2 Commands to change all sectional heading styl
es
)
(/usr/local/texlive/2015/texmf-dist/tex/generic/ulem/ulem.sty
\UL@box=\box283
\UL@hyphenbox=\box284
\UL@skip=\skip259
\UL@hook=\toks19
\UL@height=\dimen279
\UL@pe=\count304
\UL@pixel=\dimen280
\ULC@box=\box285
Package: ulem 2012/05/18
\ULdepth=\dimen281
)
(/usr/local/texlive/2015/texmf-dist/tex/latex/titling/titling.sty
Package: titling 2009/09/04 v2.1d maketitle typesetting
\thanksmarkwidth=\skip260
\thanksmargin=\skip261
\droptitle=\skip262
)
(/usr/local/texlive/2015/texmf-dist/tex/latex/hyperref/hyperref.sty
Package: hyperref 2012/11/06 v6.83m Hypertext links for LaTeX

(/usr/local/texlive/2015/texmf-dist/tex/generic/oberdiek/hobsub-hyperref.sty
Package: hobsub-hyperref 2012/05/28 v1.13 Bundle oberdiek, subset hyperref (HO)

(/usr/local/texlive/2015/texmf-dist/tex/generic/oberdiek/hobsub-generic.sty
Package: hobsub-generic 2012/05/28 v1.13 Bundle oberdiek, subset generic (HO)
Package: hobsub 2012/05/28 v1.13 Construct package bundles (HO)
Package hobsub Info: Skipping package `infwarerr' (already loaded).
Package hobsub Info: Skipping package `ltxcmds' (already loaded).
Package hobsub Info: Skipping package `ifluatex' (already loaded).
Package hobsub Info: Skipping package `ifvtex' (already loaded).
Package: intcalc 2007/09/27 v1.1 Expandable calculations with integers (HO)
Package hobsub Info: Skipping package `ifpdf' (already loaded).
Package: etexcmds 2011/02/16 v1.5 Avoid name clashes with e-TeX commands (HO)
Package: kvsetkeys 2012/04/25 v1.16 Key value parser (HO)
Package: kvdefinekeys 2011/04/07 v1.3 Define keys (HO)
Package hobsub Info: Skipping package `luatex-loader' (already loaded).
Package: pdftexcmds 2011/11/29 v0.20 Utility functions of pdfTeX for LuaTeX (HO)

Package pdftexcmds Info: \pdf@primitive is available.
Package pdftexcmds Info: \pdf@ifprimitive is available.
Package pdftexcmds Info: \pdfdraftmode found.

(/usr/local/texlive/2015/texmf-dist/scripts/oberdiek/pdftexcmds.lua)
\pdftexcmds@toks=\toks20
Package: pdfescape 2011/11/25 v1.13 Implements pdfTeX's escape features (HO)
Package: bigintcalc 2012/04/08 v1.3 Expandable calculations on big integers (HO)

Package: bitset 2011/01/30 v1.1 Handle bit-vector datatype (HO)
Package: uniquecounter 2011/01/30 v1.2 Provide unlimited unique counter (HO)
)
Package hobsub Info: Skipping package `hobsub' (already loaded).
Package: letltxmacro 2010/09/02 v1.4 Let assignment for LaTeX macros (HO)
Package: hopatch 2012/05/28 v1.2 Wrapper for package hooks (HO)
Package: xcolor-patch 2011/01/30 xcolor patch
Package: atveryend 2011/06/30 v1.8 Hooks at the very end of document (HO)
Package atveryend Info: \enddocument detected (standard20110627).
Package: atbegshi 2011/10/05 v1.16 At begin shipout hook (HO)
Package: refcount 2011/10/16 v3.4 Data extraction from label references (HO)
Package: hycolor 2011/01/30 v1.7 Color options for hyperref/bookmark (HO)
)
(/usr/local/texlive/2015/texmf-dist/tex/latex/oberdiek/auxhook.sty
Package: auxhook 2011/03/04 v1.3 Hooks for auxiliary files (HO)
)
(/usr/local/texlive/2015/texmf-dist/tex/latex/oberdiek/kvoptions.sty
Package: kvoptions 2011/06/30 v3.11 Key value format for package options (HO)
)
\@linkdim=\dimen282
\Hy@linkcounter=\count305
\Hy@pagecounter=\count306

(/usr/local/texlive/2015/texmf-dist/tex/latex/hyperref/pd1enc.def
File: pd1enc.def 2012/11/06 v6.83m Hyperref: PDFDocEncoding definition (HO)
)
\Hy@SavedSpaceFactor=\count307

(/usr/local/texlive/2015/texmf-dist/tex/latex/latexconfig/hyperref.cfg
File: hyperref.cfg 2002/06/06 v1.2 hyperref configuration of TeXLive
)
Package hyperref Info: Hyper figures OFF on input line 4443.
Package hyperref Info: Link nesting OFF on input line 4448.
Package hyperref Info: Hyper index ON on input line 4451.
Package hyperref Info: Plain pages OFF on input line 4458.
Package hyperref Info: Backreferencing OFF on input line 4463.
Package hyperref Info: Implicit mode ON; LaTeX internals redefined.
Package hyperref Info: Bookmarks ON on input line 4688.
\c@Hy@tempcnt=\count308

(/usr/local/texlive/2015/texmf-dist/tex/latex/url/url.sty
\Urlmuskip=\muskip16
Package: url 2013/09/16  ver 3.4  Verb mode for urls, etc.
)
LaTeX Info: Redefining \url on input line 5041.
\XeTeXLinkMargin=\dimen283
\Fld@menulength=\count309
\Field@Width=\dimen284
\Fld@charsize=\dimen285
Package hyperref Info: Hyper figures OFF on input line 6295.
Package hyperref Info: Link nesting OFF on input line 6300.
Package hyperref Info: Hyper index ON on input line 6303.
Package hyperref Info: backreferencing OFF on input line 6310.
Package hyperref Info: Link coloring OFF on input line 6315.
Package hyperref Info: Link coloring with OCG OFF on input line 6320.
Package hyperref Info: PDF/A mode OFF on input line 6325.
LaTeX Info: Redefining \ref on input line 6365.
LaTeX Info: Redefining \pageref on input line 6369.
\Hy@abspage=\count310
\c@Item=\count311
\c@Hfootnote=\count312
)

Package hyperref Message: Driver (autodetected): hpdftex.

(/usr/local/texlive/2015/texmf-dist/tex/latex/hyperref/hpdftex.def
File: hpdftex.def 2012/11/06 v6.83m Hyperref driver for pdfTeX
\Fld@listcount=\count313
\c@bookmark@seq@number=\count314

(/usr/local/texlive/2015/texmf-dist/tex/latex/oberdiek/rerunfilecheck.sty
Package: rerunfilecheck 2011/04/15 v1.7 Rerun checks for auxiliary files (HO)
Package uniquecounter Info: New unique counter `rerunfilecheck' on input line 28
2.
)
\Hy@SectionHShift=\skip263
)
(/usr/local/texlive/2015/texmf-dist/tex/latex/xcolor/xcolor.sty
Package: xcolor 2007/01/21 v2.11 LaTeX color extensions (UK)

(/usr/local/texlive/2015/texmf-dist/tex/latex/latexconfig/color.cfg
File: color.cfg 2007/01/18 v1.5 color configuration of teTeX/TeXLive
)
Package xcolor Info: Driver file: pdftex.def on input line 225.
Package xcolor Info: Model `cmy' substituted by `cmy0' on input line 1337.
Package xcolor Info: Model `hsb' substituted by `rgb' on input line 1341.
Package xcolor Info: Model `RGB' extended on input line 1353.
Package xcolor Info: Model `HTML' substituted by `rgb' on input line 1355.
Package xcolor Info: Model `Hsb' substituted by `hsb' on input line 1356.
Package xcolor Info: Model `tHsb' substituted by `hsb' on input line 1357.
Package xcolor Info: Model `HSB' substituted by `hsb' on input line 1358.
Package xcolor Info: Model `Gray' substituted by `gray' on input line 1359.
Package xcolor Info: Model `wave' substituted by `hsb' on input line 1360.
)
Package hyperref Info: Option `colorlinks' set `true' on input line 59.

(/usr/local/texlive/2015/texmf-dist/tex/latex/fontawesome/fontawesome.sty
Package: fontawesome 2013/05/10 v3.1.1 font awesome icons
luaotfload | load : Lookup/name: "FontAwesome" -> "FontAwesome.otf"(compiling lu
c: /usr/local/texlive/2015/texmf-var/luatex-cache/generic/fonts/otf/fontawesome.
luc)(load luc: /Users/malevy/Library/texlive/2015/texmf-var/luatex-cache/generic
/fonts/otf/fontawesome.luc)
luaotfload | load : Lookup/name: "FontAwesome" -> "FontAwesome.otf"
luaotfload | aux : font no 33 (FontAwesome) defines no feature for script latn
luaotfload | aux : no font with id 33
.................................................
. fontspec info: "no-scripts"
. 
. Font FontAwesome does not contain any OpenType `Script' information.
.................................................

*************************************************
* fontspec warning: "no-mapping-ligtex"
* 
* Input mapping not (yet?) supported in LuaTeX.
* Use "Ligatures=TeX" instead of "Mapping=tex-text".
*************************************************
\g__fontspec_family_FontAwesome_int=\count315
luaotfload | load : Lookup/name: "FontAwesome" -> "FontAwesome.otf"
luaotfload | load : Lookup/name: "FontAwesome" -> "FontAwesome.otf"
.................................................
. fontspec info: "no-font-shape"
. 
. Could not resolve font FontAwesome/BI (it probably doesn't exist).
.................................................
luaotfload | load : Lookup/name: "FontAwesome" -> "FontAwesome.otf"
luaotfload | load : Lookup/name: "FontAwesome" -> "FontAwesome.otf"
.................................................
. fontspec info: "no-font-shape"
. 
. Could not resolve font FontAwesome/B (it probably doesn't exist).
.................................................
luaotfload | load : Lookup/name: "FontAwesome" -> "FontAwesome.otf"
luaotfload | load : Lookup/name: "FontAwesome" -> "FontAwesome.otf"
.................................................
. fontspec info: "no-font-shape"
. 
. Could not resolve font FontAwesome/I (it probably doesn't exist).
.................................................
luaotfload | load : Lookup/name: "FontAwesome" -> "FontAwesome.otf"
luaotfload | load : Lookup/name: "FontAwesome" -> "FontAwesome.otf"
luaotfload | aux : font no 33 (FontAwesome) does not define feature smcp for scr
ipt  with language 
luaotfload | aux : no font with id 33
luaotfload | load : Lookup/name: "SourceSansProLight" -> "SourceSansPro-Light.ot
f"
.................................................
. fontspec info: "defining-font"
. 
. Font family 'FontAwesome(0)' created for font 'FontAwesome' with options
. [Mapping=tex-text].
. 
. This font family consists of the following shapes:
. 
. * 'normal' with NFSS spec.:
. <->"FontAwesome:mode=node;+tlig;+trep;"
. 
. * 'small caps' with NFSS spec.:
. 
. and font adjustment code:
. 
.................................................
)

LaTeX Warning: Unused global option(s):
    [letter].

(./Levy_CV.aux)
\openout1 = Levy_CV.aux

LaTeX Font Info:    Checking defaults for OML/cmm/m/it on input line 75.
LaTeX Font Info:    ... okay on input line 75.
LaTeX Font Info:    Checking defaults for T1/cmr/m/n on input line 75.
LaTeX Font Info:    ... okay on input line 75.
LaTeX Font Info:    Checking defaults for OT1/cmr/m/n on input line 75.
LaTeX Font Info:    ... okay on input line 75.
LaTeX Font Info:    Checking defaults for OMS/cmsy/m/n on input line 75.
LaTeX Font Info:    ... okay on input line 75.
LaTeX Font Info:    Checking defaults for OMX/cmex/m/n on input line 75.
LaTeX Font Info:    ... okay on input line 75.
LaTeX Font Info:    Checking defaults for U/cmr/m/n on input line 75.
LaTeX Font Info:    ... okay on input line 75.
LaTeX Font Info:    Checking defaults for EU2/lmr/m/n on input line 75.
LaTeX Font Info:    ... okay on input line 75.
LaTeX Font Info:    Checking defaults for T3/cmr/m/n on input line 75.
LaTeX Font Info:    Try loading font information for T3+cmr on input line 75.
 (/usr/local/texlive/2015/texmf-dist/tex/latex/tipa/t3cmr.fd
File: t3cmr.fd 2001/12/31 TIPA font definitions
)
LaTeX Font Info:    ... okay on input line 75.
LaTeX Font Info:    Checking defaults for PD1/pdf/m/n on input line 75.
LaTeX Font Info:    ... okay on input line 75.

(/usr/local/texlive/2015/texmf-dist/tex/context/base/supp-pdf.mkii
[Loading MPS to PDF converter (version 2006.09.02).]
\scratchcounter=\count316
\scratchdimen=\dimen286
\scratchbox=\box286
\nofMPsegments=\count317
\nofMParguments=\count318
\everyMPshowfont=\toks21
\MPscratchCnt=\count319
\MPscratchDim=\dimen287
\MPnumerator=\count320
\makeMPintoPDFobject=\count321
\everyMPtoPDFconversion=\toks22
) (/usr/local/texlive/2015/texmf-dist/tex/latex/oberdiek/epstopdf-base.sty
Package: epstopdf-base 2010/02/09 v2.5 Base part for package epstopdf

(/usr/local/texlive/2015/texmf-dist/tex/latex/oberdiek/grfext.sty
Package: grfext 2010/08/19 v1.1 Manage graphics extensions (HO)
)
Package grfext Info: Graphics extension search list:
(grfext)             [.png,.pdf,.jpg,.mps,.tif,.jpeg,.PNG,.PDF,.JPG,.JPEG,.eps]
(grfext)             \AppendGraphicsExtensions on input line 452.

(/usr/local/texlive/2015/texmf-dist/tex/latex/latexconfig/epstopdf-sys.cfg
File: epstopdf-sys.cfg 2010/07/13 v1.3 Configuration of (r)epstopdf for TeX Live

))
.................................................
. fontspec info: "setup-math"
. 
. Adjusting the maths setup (use [no-math] to avoid this).
.................................................
\symlegacymaths=\mathgroup4
LaTeX Font Info:    Overwriting symbol font `legacymaths' in version `bold'
(Font)                  OT1/cmr/m/n --> OT1/cmr/bx/n on input line 75.
LaTeX Font Info:    Redeclaring math accent \acute on input line 75.
LaTeX Font Info:    Redeclaring math accent \grave on input line 75.
LaTeX Font Info:    Redeclaring math accent \ddot on input line 75.
LaTeX Font Info:    Redeclaring math accent \tilde on input line 75.
LaTeX Font Info:    Redeclaring math accent \bar on input line 75.
LaTeX Font Info:    Redeclaring math accent \breve on input line 75.
LaTeX Font Info:    Redeclaring math accent \check on input line 75.
LaTeX Font Info:    Redeclaring math accent \hat on input line 75.
LaTeX Font Info:    Redeclaring math accent \dot on input line 75.
LaTeX Font Info:    Redeclaring math accent \mathring on input line 75.
LaTeX Font Info:    Redeclaring math symbol \colon on input line 75.
LaTeX Font Info:    Redeclaring math symbol \Gamma on input line 75.
LaTeX Font Info:    Redeclaring math symbol \Delta on input line 75.
LaTeX Font Info:    Redeclaring math symbol \Theta on input line 75.
LaTeX Font Info:    Redeclaring math symbol \Lambda on input line 75.
LaTeX Font Info:    Redeclaring math symbol \Xi on input line 75.
LaTeX Font Info:    Redeclaring math symbol \Pi on input line 75.
LaTeX Font Info:    Redeclaring math symbol \Sigma on input line 75.
LaTeX Font Info:    Redeclaring math symbol \Upsilon on input line 75.
LaTeX Font Info:    Redeclaring math symbol \Phi on input line 75.
LaTeX Font Info:    Redeclaring math symbol \Psi on input line 75.
LaTeX Font Info:    Redeclaring math symbol \Omega on input line 75.
LaTeX Font Info:    Redeclaring math symbol \mathdollar on input line 75.
LaTeX Font Info:    Redeclaring symbol font `operators' on input line 75.
LaTeX Font Info:    Encoding `OT1' has changed to `EU2' for symbol font
(Font)              `operators' in the math version `normal' on input line 75.
LaTeX Font Info:    Overwriting symbol font `operators' in version `normal'
(Font)                  OT1/cmr/m/n --> EU2/SourceSansProLight(0)/m/n on input l
ine 75.
LaTeX Font Info:    Encoding `OT1' has changed to `EU2' for symbol font
(Font)              `operators' in the math version `bold' on input line 75.
LaTeX Font Info:    Overwriting symbol font `operators' in version `bold'
(Font)                  OT1/cmr/bx/n --> EU2/SourceSansProLight(0)/m/n on input 
line 75.
LaTeX Font Info:    Overwriting symbol font `operators' in version `normal'
(Font)                  EU2/SourceSansProLight(0)/m/n --> EU2/SourceSansProLight
(0)/m/n on input line 75.
LaTeX Font Info:    Overwriting math alphabet `\mathit' in version `normal'
(Font)                  OT1/cmr/m/it --> EU2/SourceSansProLight(0)/m/it on input
 line 75.
LaTeX Font Info:    Overwriting math alphabet `\mathbf' in version `normal'
(Font)                  OT1/cmr/bx/n --> EU2/SourceSansProLight(0)/bx/n on input
 line 75.
LaTeX Font Info:    Overwriting math alphabet `\mathsf' in version `normal'
(Font)                  OT1/cmss/m/n --> EU2/SourceSansProLight(0)/m/n on input 
line 75.
LaTeX Font Info:    Overwriting math alphabet `\mathtt' in version `normal'
(Font)                  OT1/cmtt/m/n --> EU2/Input(0)/m/n on input line 75.
LaTeX Font Info:    Overwriting symbol font `operators' in version `bold'
(Font)                  EU2/SourceSansProLight(0)/m/n --> EU2/SourceSansProLight
(0)/bx/n on input line 75.
LaTeX Font Info:    Overwriting math alphabet `\mathit' in version `bold'
(Font)                  OT1/cmr/bx/it --> EU2/SourceSansProLight(0)/bx/it on inp
ut line 75.
LaTeX Font Info:    Overwriting math alphabet `\mathsf' in version `bold'
(Font)                  OT1/cmss/bx/n --> EU2/SourceSansProLight(0)/bx/n on inpu
t line 75.
LaTeX Font Info:    Overwriting math alphabet `\mathtt' in version `bold'
(Font)                  OT1/cmtt/m/n --> EU2/Input(0)/bx/n on input line 75.

*geometry* driver: auto-detecting
*geometry* detected driver: pdftex
*geometry* verbose mode - [ preamble ] result:
* driver: pdftex
* paper: <default>
* layout: <same size as paper>
* layoutoffset:(h,v)=(0.0pt,0.0pt)
* modes: 
* h-part:(L,W,R)=(90.3375pt, 433.62001pt, 90.3375pt)
* v-part:(T,H,B)=(90.3375pt, 614.295pt, 90.3375pt)
* \paperwidth=614.295pt
* \paperheight=794.96999pt
* \textwidth=433.62001pt
* \textheight=614.295pt
* \oddsidemargin=18.0675pt
* \evensidemargin=18.0675pt
* \topmargin=-18.9325pt
* \headheight=12.0pt
* \headsep=25.0pt
* \topskip=11.0pt
* \footskip=30.0pt
* \marginparwidth=59.0pt
* \marginparsep=10.0pt
* \columnsep=10.0pt
* \skip\footins=10.0pt plus 4.0pt minus 2.0pt
* \hoffset=0.0pt
* \voffset=0.0pt
* \mag=1000
* \@twocolumnfalse
* \@twosidefalse
* \@mparswitchfalse
* \@reversemarginfalse
* (1in=72.27pt=25.4mm, 1cm=28.453pt)

\AtBeginShipoutBox=\box287
Package hyperref Info: Link coloring ON on input line 75.
(/usr/local/texlive/2015/texmf-dist/tex/latex/hyperref/nameref.sty
Package: nameref 2012/10/27 v2.43 Cross-referencing by name of section

(/usr/local/texlive/2015/texmf-dist/tex/generic/oberdiek/gettitlestring.sty
Package: gettitlestring 2010/12/03 v1.4 Cleanup title references (HO)
)
\c@section@level=\count322
)
LaTeX Info: Redefining \ref on input line 75.
LaTeX Info: Redefining \pageref on input line 75.
LaTeX Info: Redefining \nameref on input line 75.

(./Levy_CV.out) (./Levy_CV.out)
\@outlinefile=\write3

\openout3 = Levy_CV.out
luaotfload | load : Lookup/name: "SourceSansProLight" -> "SourceSansPro-Light.ot
f"
luaotfload | load : Lookup/name: "SourceSansProLight" -> "SourceSansPro-Light.ot
f"
luaotfload | load : Lookup/name: "SourceSansProLight" -> "SourceSansPro-Light.ot
f"
luaotfload | load : Lookup/name: "SourceSansProLight" -> "SourceSansPro-Light.ot
f"
LaTeX Font Info:    External font `cmex10' loaded for size
(Font)              <12> on input line 77.
LaTeX Font Info:    External font `cmex10' loaded for size
(Font)              <8> on input line 77.
LaTeX Font Info:    External font `cmex10' loaded for size
(Font)              <6> on input line 77.
luaotfload | load : Lookup/name: "FontAwesome" -> "FontAwesome.otf" (./content.
tex
luaotfload | load : Lookup/name: "SourceSansProLight" -> "SourceSansPro-Light.ot
f"
luaotfload | load : Lookup/name: "SourceSansPro" -> "SourceSansPro-Regular.otf"
luaotfload | load : Lookup/name: "SourceSansPro" -> "SourceSansPro-Regular.otf" [1

{/usr/local/texlive/2015/texmf-var/fonts/map/pdftex/updmap/pdftex.map}]
luaotfload | load : Lookup/name: "SourceSansPro" -> "SourceSansPro-Regular.otf"
luaotfload | load : Lookup/name: "SourceSansProLight" -> "SourceSansPro-Light.ot
f"
luaotfload | load : Lookup/name: "SourceSansProLight" -> "SourceSansPro-Light.ot
f" [2]
LaTeX Font Info:    Font shape `EU2/Input(0)/m/n' will be
(Font)              scaled to size 9.85492pt on input line 145.
luaotfload | load : Lookup/name: "Input" -> "Input-Regular_(InputMonoCondensed-T
hin).ttf" [3] [4])
Package atveryend Info: Empty hook `BeforeClearDocument' on input line 85.
 [5]
Package atveryend Info: Empty hook `AfterLastShipout' on input line 85.
 (./Levy_CV.aux)
Package atveryend Info: Executing hook `AtVeryEndDocument' on input line 85.
Package atveryend Info: Executing hook `AtEndAfterFileList' on input line 85.
Package rerunfilecheck Info: File `Levy_CV.out' has not changed.
(rerunfilecheck)             Checksum: 53BE2B0CFD94D563DC699EEB2B9E67FD;1331.
Package atveryend Info: Empty hook `AtVeryVeryEnd' on input line 85.
)

Here is how much of LuaTeX's memory you used:
 20614 strings out of 494693
 100000,552014 words of node,token memory allocated
 334 words of node memory still in use:
   3 hlist, 1 vlist, 1 rule, 2 glue, 1 kern, 4 attribute, 48 glue_spec, 4 attrib
ute_list, 1 write nodes
   avail lists: 2:7367,3:147,4:891,5:347,6:2275,7:59,8:12,9:113,10:276
 23771 multiletter control sequences out of 65536+600000
 56 fonts using 7344527 bytes
 48i,6n,67p,1215b,480s stack positions out of 5000i,500n,10000p,200000b,100000s
</Users/malevy/Library/Fonts/Input-Regular_(InputMonoCondensed-Thin).ttf></usr/l
ocal/texlive/2015/texmf-dist/fonts/opentype/adobe/sourcesanspro/SourceSansPro-Re
gular.otf></usr/local/texlive/2015/texmf-dist/fonts/opentype/public/fontawesome/
FontAwesome.otf></usr/local/texlive/2015/texmf-dist/fonts/opentype/adobe/sources
anspro/SourceSansPro-Light.otf>
Output written on Levy_CV.pdf (5 pages, 36724 bytes).

PDF statistics: 148 PDF objects out of 1000 (max. 8388607)
 127 compressed objects within 2 object streams
 27 named destinations out of 1000 (max. 131072)
 169 words of extra memory for PDF output out of 10000 (max. 10000000)

